<?xml version="1.0" encoding="UTF-8"?>
<!-- Generated by org.testng.reporters.JUnitReportReporter -->
<testsuite hostname="Home-PC" name="com.dibs.functional.DibsTest" tests="1" failures="0" timestamp="16 Mar 2014 08:08:45 GMT" time="9.914" errors="0">
  <testcase name="testDibsSolutionsOK" time="9.914" classname="com.dibs.functional.DibsTest"/>
</testsuite> <!-- com.dibs.functional.DibsTest -->
