<?xml version="1.0" encoding="UTF-8"?>
<!-- Generated by org.testng.reporters.JUnitReportReporter -->
<testsuite hostname="Home-PC" name="com.dibs.functional.DibsTest" tests="1" failures="0" timestamp="16 Mar 2014 18:10:59 GMT" time="22.204" errors="0">
  <testcase name="testDibsSolutionsOK" time="22.204" classname="com.dibs.functional.DibsTest"/>
</testsuite> <!-- com.dibs.functional.DibsTest -->
