<?xml version="1.0" encoding="UTF-8"?>
<!-- Generated by org.testng.reporters.JUnitReportReporter -->
<testsuite hostname="Home-PC" name="com.dibs.functional.DibsTest" tests="1" failures="0" timestamp="15 Mar 2014 14:13:17 GMT" time="5.228" errors="0">
  <testcase name="testDibsSolutionsOK" time="5.228" classname="com.dibs.functional.DibsTest"/>
</testsuite> <!-- com.dibs.functional.DibsTest -->
