<?xml version="1.0" encoding="UTF-8"?>
<!-- Generated by org.testng.reporters.JUnitReportReporter -->
<testsuite hostname="Home-PC" name="com.dibs.functional.DibsTest" tests="1" failures="0" timestamp="15 Mar 2014 12:51:20 GMT" time="2.776" errors="0">
  <testcase name="testDibsSolutionsOK" time="2.776" classname="com.dibs.functional.DibsTest"/>
</testsuite> <!-- com.dibs.functional.DibsTest -->
